#! /opt/eda/bin/vvp
:ivl_version "11.0 (stable)" "(v11_0)";
:ivl_delay_selection "TYPICAL";
:vpi_time_precision - 12;
:vpi_module "/opt/eda/lib/ivl/system.vpi";
:vpi_module "/opt/eda/lib/ivl/vhdl_sys.vpi";
:vpi_module "/opt/eda/lib/ivl/vhdl_textio.vpi";
:vpi_module "/opt/eda/lib/ivl/v2005_math.vpi";
:vpi_module "/opt/eda/lib/ivl/va_math.vpi";
:vpi_module "/opt/eda/lib/ivl/v2009.vpi";
S_0x5574a9dd9f70 .scope package, "$unit" "$unit" 2 1;
 .timescale 0 0;
S_0x5574a9dda100 .scope module, "pixelSensorFsm" "pixelSensorFsm" 3 32;
 .timescale -9 -12;
    .port_info 0 /INPUT 1 "clk";
    .port_info 1 /INPUT 1 "reset";
    .port_info 2 /OUTPUT 1 "erase";
    .port_info 3 /OUTPUT 1 "expose";
    .port_info 4 /OUTPUT 4 "read";
    .port_info 5 /OUTPUT 1 "convert";
P_0x5574a9e0b010 .param/l "CONVERT" 0 3 55, +C4<00000000000000000000000000000010>;
P_0x5574a9e0b050 .param/l "ERASE" 0 3 55, +C4<00000000000000000000000000000000>;
P_0x5574a9e0b090 .param/l "EXPOSE" 0 3 55, +C4<00000000000000000000000000000001>;
P_0x5574a9e0b0d0 .param/l "IDLE" 0 3 55, +C4<00000000000000000000000000000111>;
P_0x5574a9e0b110 .param/l "READ1" 0 3 55, +C4<00000000000000000000000000000011>;
P_0x5574a9e0b150 .param/l "READ2" 0 3 55, +C4<00000000000000000000000000000100>;
P_0x5574a9e0b190 .param/l "READ3" 0 3 55, +C4<00000000000000000000000000000101>;
P_0x5574a9e0b1d0 .param/l "READ4" 0 3 55, +C4<00000000000000000000000000000110>;
P_0x5574a9e0b210 .param/l "c_convert" 0 3 46, +C4<00000000000000000000000011111111>;
P_0x5574a9e0b250 .param/l "c_erase" 0 3 44, +C4<00000000000000000000000000000101>;
P_0x5574a9e0b290 .param/l "c_expose" 0 3 45, +C4<00000000000000000000000011111111>;
P_0x5574a9e0b2d0 .param/l "c_read1" 0 3 47, +C4<00000000000000000000000000000101>;
P_0x5574a9e0b310 .param/l "c_read2" 0 3 48, +C4<00000000000000000000000000000101>;
P_0x5574a9e0b350 .param/l "c_read3" 0 3 49, +C4<00000000000000000000000000000101>;
P_0x5574a9e0b390 .param/l "c_read4" 0 3 50, +C4<00000000000000000000000000000101>;
o0x7f2ff71dc018 .functor BUFZ 1, C4<z>; HiZ drive
v0x5574a9e14f30_0 .net "clk", 0 0, o0x7f2ff71dc018;  0 drivers
v0x5574a9e14db0_0 .var "convert", 0 0;
v0x5574a9e14c30_0 .var/i "counter", 31 0;
v0x5574a9e14ab0_0 .var "erase", 0 0;
v0x5574a9e147b0_0 .var "expose", 0 0;
v0x5574a9e14630_0 .var "next_state", 2 0;
v0x5574a9e408f0_0 .var "read", 3 0;
o0x7f2ff71dc168 .functor BUFZ 1, C4<z>; HiZ drive
v0x5574a9e409d0_0 .net "reset", 0 0, o0x7f2ff71dc168;  0 drivers
v0x5574a9e40a90_0 .var "state", 2 0;
E_0x5574a9e12c40 .event posedge, v0x5574a9e409d0_0, v0x5574a9e14f30_0;
E_0x5574a9dfd4a0 .event negedge, v0x5574a9e14f30_0;
    .scope S_0x5574a9dda100;
T_0 ;
    %wait E_0x5574a9dfd4a0;
    %load/vec4 v0x5574a9e40a90_0;
    %dup/vec4;
    %pushi/vec4 0, 0, 3;
    %cmp/u;
    %jmp/1 T_0.0, 6;
    %dup/vec4;
    %pushi/vec4 1, 0, 3;
    %cmp/u;
    %jmp/1 T_0.1, 6;
    %dup/vec4;
    %pushi/vec4 2, 0, 3;
    %cmp/u;
    %jmp/1 T_0.2, 6;
    %dup/vec4;
    %pushi/vec4 3, 0, 3;
    %cmp/u;
    %jmp/1 T_0.3, 6;
    %dup/vec4;
    %pushi/vec4 4, 0, 3;
    %cmp/u;
    %jmp/1 T_0.4, 6;
    %dup/vec4;
    %pushi/vec4 5, 0, 3;
    %cmp/u;
    %jmp/1 T_0.5, 6;
    %dup/vec4;
    %pushi/vec4 6, 0, 3;
    %cmp/u;
    %jmp/1 T_0.6, 6;
    %dup/vec4;
    %pushi/vec4 7, 0, 3;
    %cmp/u;
    %jmp/1 T_0.7, 6;
    %jmp T_0.8;
T_0.0 ;
    %pushi/vec4 1, 0, 1;
    %assign/vec4 v0x5574a9e14ab0_0, 0;
    %pushi/vec4 0, 0, 1;
    %ix/load 4, 0, 0;
    %ix/load 5, 0, 0;
    %flag_set/imm 4, 0;
    %assign/vec4/off/d v0x5574a9e408f0_0, 4, 5;
    %pushi/vec4 0, 0, 1;
    %ix/load 4, 1, 0;
    %ix/load 5, 0, 0;
    %flag_set/imm 4, 0;
    %assign/vec4/off/d v0x5574a9e408f0_0, 4, 5;
    %pushi/vec4 0, 0, 1;
    %ix/load 4, 2, 0;
    %ix/load 5, 0, 0;
    %flag_set/imm 4, 0;
    %assign/vec4/off/d v0x5574a9e408f0_0, 4, 5;
    %pushi/vec4 0, 0, 1;
    %ix/load 4, 3, 0;
    %ix/load 5, 0, 0;
    %flag_set/imm 4, 0;
    %assign/vec4/off/d v0x5574a9e408f0_0, 4, 5;
    %pushi/vec4 0, 0, 1;
    %assign/vec4 v0x5574a9e147b0_0, 0;
    %pushi/vec4 0, 0, 1;
    %assign/vec4 v0x5574a9e14db0_0, 0;
    %jmp T_0.8;
T_0.1 ;
    %pushi/vec4 0, 0, 1;
    %assign/vec4 v0x5574a9e14ab0_0, 0;
    %pushi/vec4 0, 0, 1;
    %ix/load 4, 0, 0;
    %ix/load 5, 0, 0;
    %flag_set/imm 4, 0;
    %assign/vec4/off/d v0x5574a9e408f0_0, 4, 5;
    %pushi/vec4 0, 0, 1;
    %ix/load 4, 1, 0;
    %ix/load 5, 0, 0;
    %flag_set/imm 4, 0;
    %assign/vec4/off/d v0x5574a9e408f0_0, 4, 5;
    %pushi/vec4 0, 0, 1;
    %ix/load 4, 2, 0;
    %ix/load 5, 0, 0;
    %flag_set/imm 4, 0;
    %assign/vec4/off/d v0x5574a9e408f0_0, 4, 5;
    %pushi/vec4 0, 0, 1;
    %ix/load 4, 3, 0;
    %ix/load 5, 0, 0;
    %flag_set/imm 4, 0;
    %assign/vec4/off/d v0x5574a9e408f0_0, 4, 5;
    %pushi/vec4 1, 0, 1;
    %assign/vec4 v0x5574a9e147b0_0, 0;
    %pushi/vec4 0, 0, 1;
    %assign/vec4 v0x5574a9e14db0_0, 0;
    %jmp T_0.8;
T_0.2 ;
    %pushi/vec4 0, 0, 1;
    %assign/vec4 v0x5574a9e14ab0_0, 0;
    %pushi/vec4 0, 0, 1;
    %ix/load 4, 0, 0;
    %ix/load 5, 0, 0;
    %flag_set/imm 4, 0;
    %assign/vec4/off/d v0x5574a9e408f0_0, 4, 5;
    %pushi/vec4 0, 0, 1;
    %ix/load 4, 1, 0;
    %ix/load 5, 0, 0;
    %flag_set/imm 4, 0;
    %assign/vec4/off/d v0x5574a9e408f0_0, 4, 5;
    %pushi/vec4 0, 0, 1;
    %ix/load 4, 2, 0;
    %ix/load 5, 0, 0;
    %flag_set/imm 4, 0;
    %assign/vec4/off/d v0x5574a9e408f0_0, 4, 5;
    %pushi/vec4 0, 0, 1;
    %ix/load 4, 3, 0;
    %ix/load 5, 0, 0;
    %flag_set/imm 4, 0;
    %assign/vec4/off/d v0x5574a9e408f0_0, 4, 5;
    %pushi/vec4 0, 0, 1;
    %assign/vec4 v0x5574a9e147b0_0, 0;
    %pushi/vec4 1, 0, 1;
    %store/vec4 v0x5574a9e14db0_0, 0, 1;
    %jmp T_0.8;
T_0.3 ;
    %pushi/vec4 0, 0, 1;
    %assign/vec4 v0x5574a9e14ab0_0, 0;
    %pushi/vec4 1, 0, 1;
    %ix/load 4, 0, 0;
    %ix/load 5, 0, 0;
    %flag_set/imm 4, 0;
    %assign/vec4/off/d v0x5574a9e408f0_0, 4, 5;
    %pushi/vec4 0, 0, 1;
    %ix/load 4, 1, 0;
    %ix/load 5, 0, 0;
    %flag_set/imm 4, 0;
    %assign/vec4/off/d v0x5574a9e408f0_0, 4, 5;
    %pushi/vec4 0, 0, 1;
    %ix/load 4, 2, 0;
    %ix/load 5, 0, 0;
    %flag_set/imm 4, 0;
    %assign/vec4/off/d v0x5574a9e408f0_0, 4, 5;
    %pushi/vec4 0, 0, 1;
    %ix/load 4, 3, 0;
    %ix/load 5, 0, 0;
    %flag_set/imm 4, 0;
    %assign/vec4/off/d v0x5574a9e408f0_0, 4, 5;
    %pushi/vec4 0, 0, 1;
    %assign/vec4 v0x5574a9e147b0_0, 0;
    %pushi/vec4 0, 0, 1;
    %assign/vec4 v0x5574a9e14db0_0, 0;
    %jmp T_0.8;
T_0.4 ;
    %pushi/vec4 0, 0, 1;
    %assign/vec4 v0x5574a9e14ab0_0, 0;
    %pushi/vec4 0, 0, 1;
    %ix/load 4, 0, 0;
    %ix/load 5, 0, 0;
    %flag_set/imm 4, 0;
    %assign/vec4/off/d v0x5574a9e408f0_0, 4, 5;
    %pushi/vec4 1, 0, 1;
    %ix/load 4, 1, 0;
    %ix/load 5, 0, 0;
    %flag_set/imm 4, 0;
    %assign/vec4/off/d v0x5574a9e408f0_0, 4, 5;
    %pushi/vec4 0, 0, 1;
    %ix/load 4, 2, 0;
    %ix/load 5, 0, 0;
    %flag_set/imm 4, 0;
    %assign/vec4/off/d v0x5574a9e408f0_0, 4, 5;
    %pushi/vec4 0, 0, 1;
    %ix/load 4, 3, 0;
    %ix/load 5, 0, 0;
    %flag_set/imm 4, 0;
    %assign/vec4/off/d v0x5574a9e408f0_0, 4, 5;
    %pushi/vec4 0, 0, 1;
    %assign/vec4 v0x5574a9e147b0_0, 0;
    %pushi/vec4 0, 0, 1;
    %assign/vec4 v0x5574a9e14db0_0, 0;
    %jmp T_0.8;
T_0.5 ;
    %pushi/vec4 0, 0, 1;
    %assign/vec4 v0x5574a9e14ab0_0, 0;
    %pushi/vec4 0, 0, 1;
    %ix/load 4, 0, 0;
    %ix/load 5, 0, 0;
    %flag_set/imm 4, 0;
    %assign/vec4/off/d v0x5574a9e408f0_0, 4, 5;
    %pushi/vec4 0, 0, 1;
    %ix/load 4, 1, 0;
    %ix/load 5, 0, 0;
    %flag_set/imm 4, 0;
    %assign/vec4/off/d v0x5574a9e408f0_0, 4, 5;
    %pushi/vec4 1, 0, 1;
    %ix/load 4, 2, 0;
    %ix/load 5, 0, 0;
    %flag_set/imm 4, 0;
    %assign/vec4/off/d v0x5574a9e408f0_0, 4, 5;
    %pushi/vec4 0, 0, 1;
    %ix/load 4, 3, 0;
    %ix/load 5, 0, 0;
    %flag_set/imm 4, 0;
    %assign/vec4/off/d v0x5574a9e408f0_0, 4, 5;
    %pushi/vec4 0, 0, 1;
    %assign/vec4 v0x5574a9e147b0_0, 0;
    %pushi/vec4 0, 0, 1;
    %assign/vec4 v0x5574a9e14db0_0, 0;
    %jmp T_0.8;
T_0.6 ;
    %pushi/vec4 0, 0, 1;
    %assign/vec4 v0x5574a9e14ab0_0, 0;
    %pushi/vec4 0, 0, 1;
    %ix/load 4, 0, 0;
    %ix/load 5, 0, 0;
    %flag_set/imm 4, 0;
    %assign/vec4/off/d v0x5574a9e408f0_0, 4, 5;
    %pushi/vec4 0, 0, 1;
    %ix/load 4, 1, 0;
    %ix/load 5, 0, 0;
    %flag_set/imm 4, 0;
    %assign/vec4/off/d v0x5574a9e408f0_0, 4, 5;
    %pushi/vec4 0, 0, 1;
    %ix/load 4, 2, 0;
    %ix/load 5, 0, 0;
    %flag_set/imm 4, 0;
    %assign/vec4/off/d v0x5574a9e408f0_0, 4, 5;
    %pushi/vec4 1, 0, 1;
    %ix/load 4, 3, 0;
    %ix/load 5, 0, 0;
    %flag_set/imm 4, 0;
    %assign/vec4/off/d v0x5574a9e408f0_0, 4, 5;
    %pushi/vec4 0, 0, 1;
    %assign/vec4 v0x5574a9e147b0_0, 0;
    %pushi/vec4 0, 0, 1;
    %assign/vec4 v0x5574a9e14db0_0, 0;
    %jmp T_0.8;
T_0.7 ;
    %pushi/vec4 0, 0, 1;
    %assign/vec4 v0x5574a9e14ab0_0, 0;
    %pushi/vec4 0, 0, 1;
    %ix/load 4, 0, 0;
    %ix/load 5, 0, 0;
    %flag_set/imm 4, 0;
    %assign/vec4/off/d v0x5574a9e408f0_0, 4, 5;
    %pushi/vec4 0, 0, 1;
    %ix/load 4, 1, 0;
    %ix/load 5, 0, 0;
    %flag_set/imm 4, 0;
    %assign/vec4/off/d v0x5574a9e408f0_0, 4, 5;
    %pushi/vec4 0, 0, 1;
    %ix/load 4, 2, 0;
    %ix/load 5, 0, 0;
    %flag_set/imm 4, 0;
    %assign/vec4/off/d v0x5574a9e408f0_0, 4, 5;
    %pushi/vec4 0, 0, 1;
    %ix/load 4, 3, 0;
    %ix/load 5, 0, 0;
    %flag_set/imm 4, 0;
    %assign/vec4/off/d v0x5574a9e408f0_0, 4, 5;
    %pushi/vec4 0, 0, 1;
    %assign/vec4 v0x5574a9e147b0_0, 0;
    %pushi/vec4 0, 0, 1;
    %assign/vec4 v0x5574a9e14db0_0, 0;
    %jmp T_0.8;
T_0.8 ;
    %pop/vec4 1;
    %jmp T_0;
    .thread T_0;
    .scope S_0x5574a9dda100;
T_1 ;
    %wait E_0x5574a9e12c40;
    %load/vec4 v0x5574a9e409d0_0;
    %flag_set/vec4 8;
    %jmp/0xz  T_1.0, 8;
    %pushi/vec4 7, 0, 3;
    %store/vec4 v0x5574a9e40a90_0, 0, 3;
    %pushi/vec4 0, 0, 3;
    %store/vec4 v0x5574a9e14630_0, 0, 3;
    %pushi/vec4 0, 0, 32;
    %store/vec4 v0x5574a9e14c30_0, 0, 32;
    %pushi/vec4 0, 0, 1;
    %store/vec4 v0x5574a9e14db0_0, 0, 1;
    %jmp T_1.1;
T_1.0 ;
    %load/vec4 v0x5574a9e40a90_0;
    %dup/vec4;
    %pushi/vec4 0, 0, 3;
    %cmp/u;
    %jmp/1 T_1.2, 6;
    %dup/vec4;
    %pushi/vec4 1, 0, 3;
    %cmp/u;
    %jmp/1 T_1.3, 6;
    %dup/vec4;
    %pushi/vec4 2, 0, 3;
    %cmp/u;
    %jmp/1 T_1.4, 6;
    %dup/vec4;
    %pushi/vec4 3, 0, 3;
    %cmp/u;
    %jmp/1 T_1.5, 6;
    %dup/vec4;
    %pushi/vec4 4, 0, 3;
    %cmp/u;
    %jmp/1 T_1.6, 6;
    %dup/vec4;
    %pushi/vec4 5, 0, 3;
    %cmp/u;
    %jmp/1 T_1.7, 6;
    %dup/vec4;
    %pushi/vec4 6, 0, 3;
    %cmp/u;
    %jmp/1 T_1.8, 6;
    %dup/vec4;
    %pushi/vec4 7, 0, 3;
    %cmp/u;
    %jmp/1 T_1.9, 6;
    %jmp T_1.10;
T_1.2 ;
    %load/vec4 v0x5574a9e14c30_0;
    %cmpi/e 5, 0, 32;
    %jmp/0xz  T_1.11, 4;
    %pushi/vec4 1, 0, 3;
    %assign/vec4 v0x5574a9e14630_0, 0;
    %pushi/vec4 7, 0, 3;
    %assign/vec4 v0x5574a9e40a90_0, 0;
T_1.11 ;
    %jmp T_1.10;
T_1.3 ;
    %load/vec4 v0x5574a9e14c30_0;
    %cmpi/e 255, 0, 32;
    %jmp/0xz  T_1.13, 4;
    %pushi/vec4 2, 0, 3;
    %assign/vec4 v0x5574a9e14630_0, 0;
    %pushi/vec4 7, 0, 3;
    %assign/vec4 v0x5574a9e40a90_0, 0;
T_1.13 ;
    %jmp T_1.10;
T_1.4 ;
    %load/vec4 v0x5574a9e14c30_0;
    %cmpi/e 255, 0, 32;
    %jmp/0xz  T_1.15, 4;
    %pushi/vec4 3, 0, 3;
    %assign/vec4 v0x5574a9e14630_0, 0;
    %pushi/vec4 7, 0, 3;
    %assign/vec4 v0x5574a9e40a90_0, 0;
T_1.15 ;
    %jmp T_1.10;
T_1.5 ;
    %load/vec4 v0x5574a9e14c30_0;
    %cmpi/e 5, 0, 32;
    %jmp/0xz  T_1.17, 4;
    %pushi/vec4 7, 0, 3;
    %assign/vec4 v0x5574a9e40a90_0, 0;
    %pushi/vec4 4, 0, 3;
    %assign/vec4 v0x5574a9e14630_0, 0;
T_1.17 ;
    %jmp T_1.10;
T_1.6 ;
    %load/vec4 v0x5574a9e14c30_0;
    %cmpi/e 5, 0, 32;
    %jmp/0xz  T_1.19, 4;
    %pushi/vec4 7, 0, 3;
    %assign/vec4 v0x5574a9e40a90_0, 0;
    %pushi/vec4 5, 0, 3;
    %assign/vec4 v0x5574a9e14630_0, 0;
T_1.19 ;
    %jmp T_1.10;
T_1.7 ;
    %load/vec4 v0x5574a9e14c30_0;
    %cmpi/e 5, 0, 32;
    %jmp/0xz  T_1.21, 4;
    %pushi/vec4 7, 0, 3;
    %assign/vec4 v0x5574a9e40a90_0, 0;
    %pushi/vec4 6, 0, 3;
    %assign/vec4 v0x5574a9e14630_0, 0;
T_1.21 ;
    %jmp T_1.10;
T_1.8 ;
    %load/vec4 v0x5574a9e14c30_0;
    %cmpi/e 5, 0, 32;
    %jmp/0xz  T_1.23, 4;
    %pushi/vec4 7, 0, 3;
    %assign/vec4 v0x5574a9e40a90_0, 0;
    %pushi/vec4 0, 0, 3;
    %assign/vec4 v0x5574a9e14630_0, 0;
T_1.23 ;
    %jmp T_1.10;
T_1.9 ;
    %load/vec4 v0x5574a9e14630_0;
    %assign/vec4 v0x5574a9e40a90_0, 0;
    %jmp T_1.10;
T_1.10 ;
    %pop/vec4 1;
    %load/vec4 v0x5574a9e40a90_0;
    %pad/u 32;
    %cmpi/e 7, 0, 32;
    %jmp/0xz  T_1.25, 4;
    %pushi/vec4 0, 0, 32;
    %store/vec4 v0x5574a9e14c30_0, 0, 32;
    %jmp T_1.26;
T_1.25 ;
    %load/vec4 v0x5574a9e14c30_0;
    %addi 1, 0, 32;
    %store/vec4 v0x5574a9e14c30_0, 0, 32;
T_1.26 ;
T_1.1 ;
    %jmp T_1;
    .thread T_1;
# The file index is used to find the file name in the following table.
:file_names 4;
    "N/A";
    "<interactive>";
    "-";
    "pixelSensorFsm.v";
