
*************************************************************************************

              AIM-Spice Version 2016.100  (Built on Nov  5 2016)

*************************************************************************************

	Date: Tue Sep 28 15:21:13 2021
	Circuit File: pixelSensor.cir

*******************************  Circuit Description  *******************************

     1:  * Pixel sensor
     2:  **********************************************************************
     3:  **        Copyright (c) 2021 Carsten Wulff Software, Norway
     4:  ** *******************************************************************
     5:  ** Created       : wulff at 2021-7-22
     6:  ** *******************************************************************
     7:  **  The MIT License (MIT)
     8:  **
     9:  **  Permission is hereby granted, free of charge, to any person obtaining a copy
    10:  **  of this software and associated documentation files (the "Software"), to deal
    11:  **  in the Software without restriction, including without limitation the rights
    12:  **  to use, copy, modify, merge, publish, distribute, sublicense, and/or sell
    13:  **  copies of the Software, and to permit persons to whom the Software is
    14:  **  furnished to do so, subject to the following conditions:
    15:  **
    16:  **  The above copyright notice and this permission notice shall be included in all
    17:  **  copies or substantial portions of the Software.
    18:  **
    19:  **  THE SOFTWARE IS PROVIDED "AS IS", WITHOUT WARRANTY OF ANY KIND, EXPRESS OR
    20:  **  IMPLIED, INCLUDING BUT NOT LIMITED TO THE WARRANTIES OF MERCHANTABILITY,
    21:  **  FITNESS FOR A PARTICULAR PURPOSE AND NONINFRINGEMENT. IN NO EVENT SHALL THE
    22:  **  AUTHORS OR COPYRIGHT HOLDERS BE LIABLE FOR ANY CLAIM, DAMAGES OR OTHER
    23:  **  LIABILITY, WHETHER IN AN ACTION OF CONTRACT, TORT OR OTHERWISE, ARISING FROM,
    24:  **  OUT OF OR IN CONNECTION WITH THE SOFTWARE OR THE USE OR OTHER DEALINGS IN THE
    25:  **  SOFTWARE.
    26:  **
    27:  **********************************************************************
    28:  
    29:  .SUBCKT PIXEL_SENSOR VBN1 VRAMP VRESET ERASE EXPOSE READ
    30:  + DATA_7 DATA_6 DATA_5 DATA_4 DATA_3 DATA_2 DATA_1 DATA_0 VDD VSS
    31:  
    32:  
    33:  XS1 VRESET VSTORE ERASE EXPOSE VDD VSS SENSOR
    34:  
    35:  XC1 VCMP_OUT VSTORE VRAMP VDD VSS COMP
    36:  
    37:  XM1 READ VCMP_OUT DATA_7 DATA_6 DATA_5 DATA_4 DATA_3 DATA_2 DATA_1 DATA_0 VDD VSS MEMORY
    38:  
    39:  .ENDS
    40:  
    41:  .SUBCKT MEMORY READ VCMP_OUT
    42:  + DATA_7 DATA_6 DATA_5 DATA_4 DATA_3 DATA_2 DATA_1 DATA_0 VDD VSS
    43:  
    44:  XM1 VCMP_OUT DATA_0 READ VSS MEMCELL
    45:  XM2 VCMP_OUT DATA_1 READ VSS MEMCELL
    46:  XM3 VCMP_OUT DATA_2 READ VSS MEMCELL
    47:  XM4 VCMP_OUT DATA_3 READ VSS MEMCELL
    48:  XM5 VCMP_OUT DATA_4 READ VSS MEMCELL
    49:  XM6 VCMP_OUT DATA_5 READ VSS MEMCELL
    50:  XM7 VCMP_OUT DATA_6 READ VSS MEMCELL
    51:  XM8 VCMP_OUT DATA_7 READ VSS MEMCELL
    52:  
    53:  .ENDS
    54:  
    55:  .SUBCKT MEMCELL CMP DATA READ VSS
    56:  M1 VG CMP DATA VSS nmos  w=0.2u  l=0.13u
    57:  M2 DATA READ DMEM VSS nmos  w=0.4u  l=0.13u
    58:  M3 DMEM VG VSS VSS nmos  w=1u  l=0.13u
    59:  C1 VG VSS 1p
    60:  .ENDS
    61:  
    62:  .SUBCKT SENSOR VRESET VSTORE ERASE EXPOSE VDD VSS
    63:  
    64:  * Capacitor to model gate-source capacitance
    65:  C1 VSTORE VSS 100f
    66:  Rleak VSTORE VSS 100T
    67:  
    68:  * Switch to reset voltage on capacitor
    69:  BR1 VRESET VSTORE I=V(ERASE)*V(VRESET,VSTORE)/1k
    70:  
    71:  * Switch to expose pixel
    72:  BR2 VPG VSTORE I=V(EXPOSE)*V(VSTORE,VPG)/1k
    73:  
    74:  * Model photocurrent
    75:  Rphoto VPG VSS 1G
    76:  .ENDS
    77:  
    78:  .SUBCKT COMP VCMP_OUT VSTORE VRAMP VDD VSS
    79:  
    80:  * Model comparator
    81:  BC1 VCMP_OUT VSS V = ((atan(100000*(V(VSTORE) - V(VRAMP)))) + 1.58)/3.14*1.5
    82:  
    83:  
    84:  .ENDS


********************************  Kernel Messages  **********************************

Circuit: * Pixel sensor


